<?xml version="1.0" encoding="utf-8"?><testsuites name="pytest tests"><testsuite name="pytest" errors="0" failures="1" skipped="0" tests="15" time="3.421" timestamp="2026-02-20T07:23:05.422663+00:00" hostname="agent-env-03bd42dd-e28b-4ff0-8a84-b6cb5069ebcb"><testcase classname="backend.tests.test_password_reset_and_fixes.TestHealthCheck" name="test_api_root" time="0.161" /><testcase classname="backend.tests.test_password_reset_and_fixes.TestPasswordReset" name="test_request_password_reset_endpoint_exists" time="0.055" /><testcase classname="backend.tests.test_password_reset_and_fixes.TestPasswordReset" name="test_request_password_reset_with_admin_email" time="0.053" /><testcase classname="backend.tests.test_password_reset_and_fixes.TestPasswordReset" name="test_reset_password_endpoint_exists" time="0.066" /><testcase classname="backend.tests.test_password_reset_and_fixes.TestPasswordReset" name="test_reset_password_validation_short_password" time="0.063" /><testcase classname="backend.tests.test_password_reset_and_fixes.TestPasswordReset" name="test_reset_password_for_admin" time="1.423" /><testcase classname="backend.tests.test_password_reset_and_fixes.TestImageUpload" name="test_image_upload_returns_correct_url" time="0.479" /><testcase classname="backend.tests.test_password_reset_and_fixes.TestPlans" name="test_plans_endpoint_returns_data" time="0.050" /><testcase classname="backend.tests.test_password_reset_and_fixes.TestPlans" name="test_profesional_plan_has_15_days_trial" time="0.043" /><testcase classname="backend.tests.test_password_reset_and_fixes.TestPlans" name="test_plans_have_required_fields" time="0.045" /><testcase classname="backend.tests.test_password_reset_and_fixes.TestPayPalSettings" name="test_paypal_client_id_endpoint" time="0.042" /><testcase classname="backend.tests.test_password_reset_and_fixes.TestPayPalSettings" name="test_admin_paypal_settings" time="0.084" /><testcase classname="backend.tests.test_password_reset_and_fixes.TestPayPalSubscription" name="test_paypal_subscription_create_returns_approval_url" time="0.658" /><testcase classname="backend.tests.test_password_reset_and_fixes.TestVCardForm" name="test_vcards_endpoint_requires_auth" time="0.047" /><testcase classname="backend.tests.test_password_reset_and_fixes.TestVCardForm" name="test_vcards_endpoint_with_auth" time="0.046"><failure message="assert 403 == 200&#10; +  where 403 = &lt;Response [403]&gt;.status_code">backend/tests/test_password_reset_and_fixes.py:329: in test_vcards_endpoint_with_auth
    assert response.status_code == 200
E   assert 403 == 200
E    +  where 403 = &lt;Response [403]&gt;.status_code</failure></testcase></testsuite></testsuites>