<?xml version="1.0" encoding="utf-8"?><testsuites name="pytest tests"><testsuite name="pytest" errors="0" failures="0" skipped="0" tests="12" time="15.369" timestamp="2026-02-17T07:24:28.679553+00:00" hostname="agent-env-03bd42dd-e28b-4ff0-8a84-b6cb5069ebcb"><testcase classname="tests.test_paypal_subscriptions.TestAuthAndSetup" name="test_api_root_accessible" time="0.609" /><testcase classname="tests.test_paypal_subscriptions.TestAuthAndSetup" name="test_admin_login" time="0.867" /><testcase classname="tests.test_paypal_subscriptions.TestPayPalConfiguration" name="test_paypal_client_id_endpoint" time="0.510" /><testcase classname="tests.test_paypal_subscriptions.TestPayPalConfiguration" name="test_admin_get_settings" time="1.243" /><testcase classname="tests.test_paypal_subscriptions.TestPlansWithPayPal" name="test_get_plans" time="0.442" /><testcase classname="tests.test_paypal_subscriptions.TestPlansWithPayPal" name="test_sync_all_plans_with_paypal" time="1.052" /><testcase classname="tests.test_paypal_subscriptions.TestPlansWithPayPal" name="test_sync_single_plan_with_paypal" time="2.356" /><testcase classname="tests.test_paypal_subscriptions.TestPlansWithPayPal" name="test_sync_free_plan_rejected" time="1.773" /><testcase classname="tests.test_paypal_subscriptions.TestPayPalSubscriptions" name="test_create_paypal_subscription" time="2.759" /><testcase classname="tests.test_paypal_subscriptions.TestPayPalSubscriptions" name="test_create_subscription_without_paypal_plan" time="1.507" /><testcase classname="tests.test_paypal_subscriptions.TestPayPalSubscriptions" name="test_get_current_subscription" time="1.216" /><testcase classname="tests.test_paypal_subscriptions.TestPlanDetails" name="test_get_plan_details" time="0.925" /></testsuite></testsuites>