<?xml version="1.0" encoding="utf-8"?><testsuites name="pytest tests"><testsuite name="pytest" errors="0" failures="0" skipped="0" tests="15" time="4.652" timestamp="2026-03-04T21:34:39.440323+00:00" hostname="agent-env-03bd42dd-e28b-4ff0-8a84-b6cb5069ebcb"><testcase classname="backend.tests.test_subscription_paypal_final.TestSubscriptionRequired" name="test_user_without_subscription_cannot_create_card" time="0.639" /><testcase classname="backend.tests.test_subscription_paypal_final.TestSubscriptionRequired" name="test_subscription_required_message_content" time="0.059" /><testcase classname="backend.tests.test_subscription_paypal_final.TestPayPalSettings" name="test_get_paypal_settings_shows_dual_credentials" time="0.328" /><testcase classname="backend.tests.test_subscription_paypal_final.TestPayPalSettings" name="test_paypal_mode_field_exists" time="0.065" /><testcase classname="backend.tests.test_subscription_paypal_final.TestPayPalSettings" name="test_update_paypal_settings_with_mode" time="0.116" /><testcase classname="backend.tests.test_subscription_paypal_final.TestPayPalSettings" name="test_public_paypal_client_id_endpoint" time="0.042" /><testcase classname="backend.tests.test_subscription_paypal_final.TestPayPalSubscription" name="test_paypal_subscription_returns_approval_url" time="0.763" /><testcase classname="backend.tests.test_subscription_paypal_final.TestPayPalSubscription" name="test_approval_url_points_to_sandbox" time="1.158" /><testcase classname="backend.tests.test_subscription_paypal_final.TestPlansSync" name="test_sync_plan_with_paypal" time="0.706" /><testcase classname="backend.tests.test_subscription_paypal_final.TestPlansSync" name="test_sync_all_plans_with_paypal" time="0.042" /><testcase classname="backend.tests.test_subscription_paypal_final.TestPlansSync" name="test_reset_all_paypal_plans" time="0.078" /><testcase classname="backend.tests.test_subscription_paypal_final.TestPlansSync" name="test_plan_details_include_paypal_plan_id" time="0.249" /><testcase classname="backend.tests.test_subscription_paypal_final.TestPlansAndSubscription" name="test_plans_endpoint_returns_all_fields" time="0.050" /><testcase classname="backend.tests.test_subscription_paypal_final.TestPlansAndSubscription" name="test_current_subscription_endpoint" time="0.039" /><testcase classname="backend.tests.test_subscription_paypal_final.TestIntegration" name="test_complete_subscription_check_flow" time="0.192" /></testsuite></testsuites>